{"/Users/ahamedabbas/Documents/ReactDevelopment/webpack-config/src/Router.tsx": {"path":"/Users/ahamedabbas/Documents/ReactDevelopment/webpack-config/src/Router.tsx","statementMap":{"0":{"start":{"line":5,"column":21},"end":{"line":5,"column":94}},"1":{"start":{"line":5,"column":32},"end":{"line":5,"column":93}},"2":{"start":{"line":6,"column":21},"end":{"line":6,"column":94}},"3":{"start":{"line":6,"column":32},"end":{"line":6,"column":93}},"4":{"start":{"line":13,"column":24},"end":{"line":16,"column":1}},"5":{"start":{"line":18,"column":32},"end":{"line":38,"column":1}},"6":{"start":{"line":19,"column":2},"end":{"line":37,"column":18}},"7":{"start":{"line":23,"column":10},"end":{"line":33,"column":12}}},"fnMap":{"0":{"name":"(anonymous_0)","decl":{"start":{"line":5,"column":26},"end":{"line":5,"column":27}},"loc":{"start":{"line":5,"column":32},"end":{"line":5,"column":93}},"line":5},"1":{"name":"(anonymous_1)","decl":{"start":{"line":6,"column":26},"end":{"line":6,"column":27}},"loc":{"start":{"line":6,"column":32},"end":{"line":6,"column":93}},"line":6},"2":{"name":"(anonymous_2)","decl":{"start":{"line":18,"column":32},"end":{"line":18,"column":33}},"loc":{"start":{"line":19,"column":2},"end":{"line":37,"column":18}},"line":19},"3":{"name":"(anonymous_3)","decl":{"start":{"line":22,"column":19},"end":{"line":22,"column":20}},"loc":{"start":{"line":22,"column":65},"end":{"line":34,"column":9}},"line":22}},"branchMap":{},"s":{"0":0,"1":0,"2":0,"3":0,"4":0,"5":0,"6":0,"7":0},"f":{"0":0,"1":0,"2":0,"3":0},"b":{}}
,"/Users/ahamedabbas/Documents/ReactDevelopment/webpack-config/src/custom.d.ts": {"path":"/Users/ahamedabbas/Documents/ReactDevelopment/webpack-config/src/custom.d.ts","statementMap":{},"fnMap":{},"branchMap":{},"s":{},"f":{},"b":{}}
,"/Users/ahamedabbas/Documents/ReactDevelopment/webpack-config/src/index.tsx": {"path":"/Users/ahamedabbas/Documents/ReactDevelopment/webpack-config/src/index.tsx","statementMap":{"0":{"start":{"line":19,"column":0},"end":{"line":25,"column":35}},"1":{"start":{"line":30,"column":0},"end":{"line":30,"column":27}}},"fnMap":{},"branchMap":{},"s":{"0":0,"1":0},"f":{},"b":{}}
,"/Users/ahamedabbas/Documents/ReactDevelopment/webpack-config/src/service-worker.ts": {"path":"/Users/ahamedabbas/Documents/ReactDevelopment/webpack-config/src/service-worker.ts","statementMap":{"0":{"start":{"line":13,"column":20},"end":{"line":21,"column":1}},"1":{"start":{"line":29,"column":2},"end":{"line":59,"column":3}},"2":{"start":{"line":31,"column":22},"end":{"line":31,"column":75}},"3":{"start":{"line":32,"column":4},"end":{"line":37,"column":5}},"4":{"start":{"line":36,"column":6},"end":{"line":36,"column":13}},"5":{"start":{"line":39,"column":4},"end":{"line":58,"column":7}},"6":{"start":{"line":40,"column":20},"end":{"line":40,"column":65}},"7":{"start":{"line":42,"column":6},"end":{"line":57,"column":7}},"8":{"start":{"line":44,"column":8},"end":{"line":44,"column":47}},"9":{"start":{"line":48,"column":8},"end":{"line":53,"column":11}},"10":{"start":{"line":49,"column":10},"end":{"line":52,"column":12}},"11":{"start":{"line":56,"column":8},"end":{"line":56,"column":39}},"12":{"start":{"line":63,"column":2},"end":{"line":103,"column":7}},"13":{"start":{"line":66,"column":6},"end":{"line":99,"column":8}},"14":{"start":{"line":67,"column":33},"end":{"line":67,"column":56}},"15":{"start":{"line":68,"column":8},"end":{"line":70,"column":9}},"16":{"start":{"line":69,"column":10},"end":{"line":69,"column":17}},"17":{"start":{"line":71,"column":8},"end":{"line":98,"column":10}},"18":{"start":{"line":72,"column":10},"end":{"line":97,"column":11}},"19":{"start":{"line":73,"column":12},"end":{"line":96,"column":13}},"20":{"start":{"line":77,"column":14},"end":{"line":80,"column":16}},"21":{"start":{"line":83,"column":14},"end":{"line":85,"column":15}},"22":{"start":{"line":84,"column":16},"end":{"line":84,"column":46}},"23":{"start":{"line":90,"column":14},"end":{"line":90,"column":64}},"24":{"start":{"line":93,"column":14},"end":{"line":95,"column":15}},"25":{"start":{"line":94,"column":16},"end":{"line":94,"column":47}},"26":{"start":{"line":102,"column":6},"end":{"line":102,"column":72}},"27":{"start":{"line":108,"column":2},"end":{"line":131,"column":7}},"28":{"start":{"line":111,"column":26},"end":{"line":111,"column":62}},"29":{"start":{"line":112,"column":6},"end":{"line":125,"column":7}},"30":{"start":{"line":117,"column":8},"end":{"line":121,"column":11}},"31":{"start":{"line":118,"column":10},"end":{"line":120,"column":13}},"32":{"start":{"line":119,"column":12},"end":{"line":119,"column":37}},"33":{"start":{"line":124,"column":8},"end":{"line":124,"column":39}},"34":{"start":{"line":128,"column":6},"end":{"line":130,"column":8}},"35":{"start":{"line":135,"column":2},"end":{"line":139,"column":3}},"36":{"start":{"line":136,"column":4},"end":{"line":138,"column":7}},"37":{"start":{"line":137,"column":6},"end":{"line":137,"column":32}}},"fnMap":{"0":{"name":"register","decl":{"start":{"line":28,"column":16},"end":{"line":28,"column":24}},"loc":{"start":{"line":28,"column":42},"end":{"line":60,"column":1}},"line":28},"1":{"name":"(anonymous_1)","decl":{"start":{"line":39,"column":36},"end":{"line":39,"column":37}},"loc":{"start":{"line":39,"column":42},"end":{"line":58,"column":5}},"line":39},"2":{"name":"(anonymous_2)","decl":{"start":{"line":48,"column":43},"end":{"line":48,"column":44}},"loc":{"start":{"line":48,"column":49},"end":{"line":53,"column":9}},"line":48},"3":{"name":"registerValidSW","decl":{"start":{"line":62,"column":9},"end":{"line":62,"column":24}},"loc":{"start":{"line":62,"column":57},"end":{"line":104,"column":1}},"line":62},"4":{"name":"(anonymous_4)","decl":{"start":{"line":65,"column":10},"end":{"line":65,"column":11}},"loc":{"start":{"line":65,"column":26},"end":{"line":100,"column":5}},"line":65},"5":{"name":"(anonymous_5)","decl":{"start":{"line":66,"column":35},"end":{"line":66,"column":36}},"loc":{"start":{"line":66,"column":41},"end":{"line":99,"column":7}},"line":66},"6":{"name":"(anonymous_6)","decl":{"start":{"line":71,"column":41},"end":{"line":71,"column":42}},"loc":{"start":{"line":71,"column":47},"end":{"line":98,"column":9}},"line":71},"7":{"name":"(anonymous_7)","decl":{"start":{"line":101,"column":11},"end":{"line":101,"column":12}},"loc":{"start":{"line":101,"column":20},"end":{"line":103,"column":5}},"line":101},"8":{"name":"checkValidServiceWorker","decl":{"start":{"line":106,"column":9},"end":{"line":106,"column":32}},"loc":{"start":{"line":106,"column":65},"end":{"line":132,"column":1}},"line":106},"9":{"name":"(anonymous_9)","decl":{"start":{"line":109,"column":10},"end":{"line":109,"column":11}},"loc":{"start":{"line":109,"column":22},"end":{"line":126,"column":5}},"line":109},"10":{"name":"(anonymous_10)","decl":{"start":{"line":117,"column":43},"end":{"line":117,"column":44}},"loc":{"start":{"line":117,"column":59},"end":{"line":121,"column":9}},"line":117},"11":{"name":"(anonymous_11)","decl":{"start":{"line":118,"column":41},"end":{"line":118,"column":42}},"loc":{"start":{"line":118,"column":47},"end":{"line":120,"column":11}},"line":118},"12":{"name":"(anonymous_12)","decl":{"start":{"line":127,"column":11},"end":{"line":127,"column":12}},"loc":{"start":{"line":127,"column":17},"end":{"line":131,"column":5}},"line":127},"13":{"name":"unregister","decl":{"start":{"line":134,"column":16},"end":{"line":134,"column":26}},"loc":{"start":{"line":134,"column":29},"end":{"line":140,"column":1}},"line":134},"14":{"name":"(anonymous_14)","decl":{"start":{"line":136,"column":39},"end":{"line":136,"column":40}},"loc":{"start":{"line":136,"column":55},"end":{"line":138,"column":5}},"line":136}},"branchMap":{"0":{"loc":{"start":{"line":14,"column":2},"end":{"line":20,"column":5}},"type":"binary-expr","locations":[{"start":{"line":14,"column":2},"end":{"line":14,"column":42}},{"start":{"line":16,"column":4},"end":{"line":16,"column":40}},{"start":{"line":18,"column":4},"end":{"line":20,"column":5}}],"line":14},"1":{"loc":{"start":{"line":29,"column":2},"end":{"line":59,"column":3}},"type":"if","locations":[{"start":{"line":29,"column":2},"end":{"line":59,"column":3}},{"start":{"line":29,"column":2},"end":{"line":59,"column":3}}],"line":29},"2":{"loc":{"start":{"line":29,"column":6},"end":{"line":29,"column":75}},"type":"binary-expr","locations":[{"start":{"line":29,"column":6},"end":{"line":29,"column":43}},{"start":{"line":29,"column":47},"end":{"line":29,"column":75}}],"line":29},"3":{"loc":{"start":{"line":32,"column":4},"end":{"line":37,"column":5}},"type":"if","locations":[{"start":{"line":32,"column":4},"end":{"line":37,"column":5}},{"start":{"line":32,"column":4},"end":{"line":37,"column":5}}],"line":32},"4":{"loc":{"start":{"line":42,"column":6},"end":{"line":57,"column":7}},"type":"if","locations":[{"start":{"line":42,"column":6},"end":{"line":57,"column":7}},{"start":{"line":42,"column":6},"end":{"line":57,"column":7}}],"line":42},"5":{"loc":{"start":{"line":68,"column":8},"end":{"line":70,"column":9}},"type":"if","locations":[{"start":{"line":68,"column":8},"end":{"line":70,"column":9}},{"start":{"line":68,"column":8},"end":{"line":70,"column":9}}],"line":68},"6":{"loc":{"start":{"line":72,"column":10},"end":{"line":97,"column":11}},"type":"if","locations":[{"start":{"line":72,"column":10},"end":{"line":97,"column":11}},{"start":{"line":72,"column":10},"end":{"line":97,"column":11}}],"line":72},"7":{"loc":{"start":{"line":73,"column":12},"end":{"line":96,"column":13}},"type":"if","locations":[{"start":{"line":73,"column":12},"end":{"line":96,"column":13}},{"start":{"line":73,"column":12},"end":{"line":96,"column":13}}],"line":73},"8":{"loc":{"start":{"line":83,"column":14},"end":{"line":85,"column":15}},"type":"if","locations":[{"start":{"line":83,"column":14},"end":{"line":85,"column":15}},{"start":{"line":83,"column":14},"end":{"line":85,"column":15}}],"line":83},"9":{"loc":{"start":{"line":83,"column":18},"end":{"line":83,"column":43}},"type":"binary-expr","locations":[{"start":{"line":83,"column":18},"end":{"line":83,"column":24}},{"start":{"line":83,"column":28},"end":{"line":83,"column":43}}],"line":83},"10":{"loc":{"start":{"line":93,"column":14},"end":{"line":95,"column":15}},"type":"if","locations":[{"start":{"line":93,"column":14},"end":{"line":95,"column":15}},{"start":{"line":93,"column":14},"end":{"line":95,"column":15}}],"line":93},"11":{"loc":{"start":{"line":93,"column":18},"end":{"line":93,"column":44}},"type":"binary-expr","locations":[{"start":{"line":93,"column":18},"end":{"line":93,"column":24}},{"start":{"line":93,"column":28},"end":{"line":93,"column":44}}],"line":93},"12":{"loc":{"start":{"line":112,"column":6},"end":{"line":125,"column":7}},"type":"if","locations":[{"start":{"line":112,"column":6},"end":{"line":125,"column":7}},{"start":{"line":112,"column":6},"end":{"line":125,"column":7}}],"line":112},"13":{"loc":{"start":{"line":113,"column":8},"end":{"line":114,"column":81}},"type":"binary-expr","locations":[{"start":{"line":113,"column":8},"end":{"line":113,"column":31}},{"start":{"line":114,"column":17},"end":{"line":114,"column":36}},{"start":{"line":114,"column":40},"end":{"line":114,"column":80}}],"line":113},"14":{"loc":{"start":{"line":135,"column":2},"end":{"line":139,"column":3}},"type":"if","locations":[{"start":{"line":135,"column":2},"end":{"line":139,"column":3}},{"start":{"line":135,"column":2},"end":{"line":139,"column":3}}],"line":135}},"s":{"0":0,"1":0,"2":0,"3":0,"4":0,"5":0,"6":0,"7":0,"8":0,"9":0,"10":0,"11":0,"12":0,"13":0,"14":0,"15":0,"16":0,"17":0,"18":0,"19":0,"20":0,"21":0,"22":0,"23":0,"24":0,"25":0,"26":0,"27":0,"28":0,"29":0,"30":0,"31":0,"32":0,"33":0,"34":0,"35":0,"36":0,"37":0},"f":{"0":0,"1":0,"2":0,"3":0,"4":0,"5":0,"6":0,"7":0,"8":0,"9":0,"10":0,"11":0,"12":0,"13":0,"14":0},"b":{"0":[0,0,0],"1":[0,0],"2":[0,0],"3":[0,0],"4":[0,0],"5":[0,0],"6":[0,0],"7":[0,0],"8":[0,0],"9":[0,0],"10":[0,0],"11":[0,0],"12":[0,0],"13":[0,0,0],"14":[0,0]}}
,"/Users/ahamedabbas/Documents/ReactDevelopment/webpack-config/src/wdyr.ts": {"path":"/Users/ahamedabbas/Documents/ReactDevelopment/webpack-config/src/wdyr.ts","statementMap":{"0":{"start":{"line":3,"column":0},"end":{"line":9,"column":1}},"1":{"start":{"line":4,"column":26},"end":{"line":4,"column":74}},"2":{"start":{"line":6,"column":2},"end":{"line":8,"column":5}}},"fnMap":{},"branchMap":{"0":{"loc":{"start":{"line":3,"column":0},"end":{"line":9,"column":1}},"type":"if","locations":[{"start":{"line":3,"column":0},"end":{"line":9,"column":1}},{"start":{"line":3,"column":0},"end":{"line":9,"column":1}}],"line":3}},"s":{"0":0,"1":0,"2":0},"f":{},"b":{"0":[0,0]}}
,"/Users/ahamedabbas/Documents/ReactDevelopment/webpack-config/src/layout/theme.ts": {"path":"/Users/ahamedabbas/Documents/ReactDevelopment/webpack-config/src/layout/theme.ts","statementMap":{"0":{"start":{"line":9,"column":28},"end":{"line":23,"column":1}}},"fnMap":{},"branchMap":{},"s":{"0":0},"f":{},"b":{}}
,"/Users/ahamedabbas/Documents/ReactDevelopment/webpack-config/src/pages/App/index.tsx": {"path":"/Users/ahamedabbas/Documents/ReactDevelopment/webpack-config/src/pages/App/index.tsx","statementMap":{"0":{"start":{"line":4,"column":29},"end":{"line":4,"column":45}},"1":{"start":{"line":4,"column":35},"end":{"line":4,"column":45}}},"fnMap":{"0":{"name":"(anonymous_0)","decl":{"start":{"line":4,"column":29},"end":{"line":4,"column":30}},"loc":{"start":{"line":4,"column":35},"end":{"line":4,"column":45}},"line":4}},"branchMap":{},"s":{"0":0,"1":0},"f":{"0":0},"b":{}}
,"/Users/ahamedabbas/Documents/ReactDevelopment/webpack-config/src/pages/Calendar/index.tsx": {"path":"/Users/ahamedabbas/Documents/ReactDevelopment/webpack-config/src/pages/Calendar/index.tsx","statementMap":{"0":{"start":{"line":22,"column":15},"end":{"line":61,"column":2}},"1":{"start":{"line":22,"column":33},"end":{"line":61,"column":2}},"2":{"start":{"line":65,"column":43},"end":{"line":150,"column":1}},"3":{"start":{"line":66,"column":28},"end":{"line":66,"column":54}},"4":{"start":{"line":67,"column":18},"end":{"line":67,"column":30}},"5":{"start":{"line":68,"column":2},"end":{"line":68,"column":30}},"6":{"start":{"line":94,"column":18},"end":{"line":94,"column":28}},"7":{"start":{"line":95,"column":12},"end":{"line":95,"column":33}},"8":{"start":{"line":96,"column":16},"end":{"line":96,"column":65}},"9":{"start":{"line":97,"column":15},"end":{"line":97,"column":38}},"10":{"start":{"line":100,"column":14},"end":{"line":100,"column":16}},"11":{"start":{"line":102,"column":2},"end":{"line":149,"column":4}},"12":{"start":{"line":143,"column":25},"end":{"line":143,"column":50}}},"fnMap":{"0":{"name":"(anonymous_0)","decl":{"start":{"line":22,"column":15},"end":{"line":22,"column":16}},"loc":{"start":{"line":22,"column":33},"end":{"line":61,"column":2}},"line":22},"1":{"name":"(anonymous_1)","decl":{"start":{"line":65,"column":43},"end":{"line":65,"column":44}},"loc":{"start":{"line":65,"column":60},"end":{"line":150,"column":1}},"line":65},"2":{"name":"(anonymous_2)","decl":{"start":{"line":143,"column":19},"end":{"line":143,"column":20}},"loc":{"start":{"line":143,"column":25},"end":{"line":143,"column":50}},"line":143}},"branchMap":{"0":{"loc":{"start":{"line":94,"column":18},"end":{"line":94,"column":28}},"type":"binary-expr","locations":[{"start":{"line":94,"column":18},"end":{"line":94,"column":22}},{"start":{"line":94,"column":26},"end":{"line":94,"column":28}}],"line":94},"1":{"loc":{"start":{"line":95,"column":12},"end":{"line":95,"column":33}},"type":"cond-expr","locations":[{"start":{"line":95,"column":22},"end":{"line":95,"column":24}},{"start":{"line":95,"column":27},"end":{"line":95,"column":33}}],"line":95}},"s":{"0":0,"1":0,"2":0,"3":0,"4":0,"5":0,"6":0,"7":0,"8":0,"9":0,"10":0,"11":0,"12":0},"f":{"0":0,"1":0,"2":0},"b":{"0":[0,0],"1":[0,0]}}
,"/Users/ahamedabbas/Documents/ReactDevelopment/webpack-config/src/pages/Settings/index.tsx": {"path":"/Users/ahamedabbas/Documents/ReactDevelopment/webpack-config/src/pages/Settings/index.tsx","statementMap":{"0":{"start":{"line":5,"column":27},"end":{"line":13,"column":1}},"1":{"start":{"line":6,"column":2},"end":{"line":6,"column":30}},"2":{"start":{"line":7,"column":2},"end":{"line":12,"column":4}}},"fnMap":{"0":{"name":"(anonymous_0)","decl":{"start":{"line":5,"column":27},"end":{"line":5,"column":28}},"loc":{"start":{"line":5,"column":33},"end":{"line":13,"column":1}},"line":5}},"branchMap":{},"s":{"0":0,"1":0,"2":0},"f":{"0":0},"b":{}}
,"/Users/ahamedabbas/Documents/ReactDevelopment/webpack-config/src/utils/Math.ts": {"path":"/Users/ahamedabbas/Documents/ReactDevelopment/webpack-config/src/utils/Math.ts","statementMap":{"0":{"start":{"line":13,"column":4},"end":{"line":13,"column":17}}},"fnMap":{"0":{"name":"(anonymous_0)","decl":{"start":{"line":12,"column":2},"end":{"line":12,"column":3}},"loc":{"start":{"line":12,"column":43},"end":{"line":14,"column":3}},"line":12}},"branchMap":{},"s":{"0":0},"f":{"0":0},"b":{}}
,"/Users/ahamedabbas/Documents/ReactDevelopment/webpack-config/src/utils/dateUtils.ts": {"path":"/Users/ahamedabbas/Documents/ReactDevelopment/webpack-config/src/utils/dateUtils.ts","statementMap":{"0":{"start":{"line":3,"column":23},"end":{"line":3,"column":103}},"1":{"start":{"line":4,"column":25},"end":{"line":4,"column":149}},"2":{"start":{"line":18,"column":21},"end":{"line":18,"column":23}},"3":{"start":{"line":21,"column":16},"end":{"line":21,"column":27}},"4":{"start":{"line":24,"column":22},"end":{"line":24,"column":45}},"5":{"start":{"line":25,"column":23},"end":{"line":25,"column":44}},"6":{"start":{"line":26,"column":22},"end":{"line":26,"column":41}},"7":{"start":{"line":27,"column":26},"end":{"line":27,"column":48}},"8":{"start":{"line":28,"column":20},"end":{"line":28,"column":66}},"9":{"start":{"line":32,"column":23},"end":{"line":32,"column":25}},"10":{"start":{"line":33,"column":19},"end":{"line":33,"column":21}},"11":{"start":{"line":34,"column":23},"end":{"line":34,"column":25}},"12":{"start":{"line":37,"column":2},"end":{"line":41,"column":3}},"13":{"start":{"line":37,"column":16},"end":{"line":37,"column":31}},"14":{"start":{"line":38,"column":4},"end":{"line":40,"column":8}},"15":{"start":{"line":43,"column":2},"end":{"line":47,"column":3}},"16":{"start":{"line":43,"column":16},"end":{"line":43,"column":17}},"17":{"start":{"line":44,"column":4},"end":{"line":46,"column":8}},"18":{"start":{"line":49,"column":2},"end":{"line":53,"column":3}},"19":{"start":{"line":49,"column":16},"end":{"line":49,"column":17}},"20":{"start":{"line":50,"column":4},"end":{"line":52,"column":8}},"21":{"start":{"line":56,"column":22},"end":{"line":56,"column":71}},"22":{"start":{"line":58,"column":2},"end":{"line":58,"column":21}}},"fnMap":{"0":{"name":"getMonthCells","decl":{"start":{"line":6,"column":16},"end":{"line":6,"column":29}},"loc":{"start":{"line":6,"column":51},"end":{"line":59,"column":1}},"line":6}},"branchMap":{},"s":{"0":0,"1":0,"2":0,"3":0,"4":0,"5":0,"6":0,"7":0,"8":0,"9":0,"10":0,"11":0,"12":0,"13":0,"14":0,"15":0,"16":0,"17":0,"18":0,"19":0,"20":0,"21":0,"22":0},"f":{"0":0},"b":{}}
,"/Users/ahamedabbas/Documents/ReactDevelopment/webpack-config/src/utils/print.ts": {"path":"/Users/ahamedabbas/Documents/ReactDevelopment/webpack-config/src/utils/print.ts","statementMap":{"0":{"start":{"line":2,"column":2},"end":{"line":2,"column":20}}},"fnMap":{"0":{"name":"print","decl":{"start":{"line":1,"column":9},"end":{"line":1,"column":14}},"loc":{"start":{"line":1,"column":29},"end":{"line":3,"column":1}},"line":1}},"branchMap":{},"s":{"0":1},"f":{"0":1},"b":{},"_coverageSchema":"1a1c01bbd47fc00a2c39e90264f33305004495a9","hash":"a3e0a1c6b5b5436a973937ae53dfc13066db7767"}
}
